[5.540s] Invoking command in '/home/sb-bot/ros2_ws/robot-driver-main/sb_bot_ws/src/sb-bot/bringup': PYTHONPATH=/home/sb-bot/ros2_ws/robot-driver-main/sb_bot_ws/src/sb-bot/build/bringup/prefix_override:/usr/lib/python3/dist-packages/colcon_core/task/python/colcon_distutils_commands:/home/sb-bot/ros2_ws/robot-driver-main/sb_bot_ws/src/sb-bot/install/bringup/lib/python3.10/site-packages:${PYTHONPATH} /usr/bin/python3 -W ignore:setup.py install is deprecated -W ignore:easy_install command is deprecated setup.py egg_info --egg-base ../build/bringup build --build-base /home/sb-bot/ros2_ws/robot-driver-main/sb_bot_ws/src/sb-bot/build/bringup/build install --record /home/sb-bot/ros2_ws/robot-driver-main/sb_bot_ws/src/sb-bot/build/bringup/install.log --single-version-externally-managed install_data
[6.902s] running egg_info
[6.907s] writing ../build/bringup/bringup.egg-info/PKG-INFO
[6.907s] writing dependency_links to ../build/bringup/bringup.egg-info/dependency_links.txt
[6.907s] writing entry points to ../build/bringup/bringup.egg-info/entry_points.txt
[6.907s] writing requirements to ../build/bringup/bringup.egg-info/requires.txt
[6.913s] writing top-level names to ../build/bringup/bringup.egg-info/top_level.txt
[6.923s] reading manifest file '../build/bringup/bringup.egg-info/SOURCES.txt'
[6.926s] writing manifest file '../build/bringup/bringup.egg-info/SOURCES.txt'
[6.926s] running build
[6.926s] running build_py
[6.933s] running install
[6.935s] running install_lib
[6.953s] running install_data
[6.954s] copying launch/bringup.launch.py -> /home/sb-bot/ros2_ws/robot-driver-main/sb_bot_ws/src/sb-bot/install/bringup/share/bringup/launch
[6.955s] running install_egg_info
[6.984s] removing '/home/sb-bot/ros2_ws/robot-driver-main/sb_bot_ws/src/sb-bot/install/bringup/lib/python3.10/site-packages/bringup-0.0.0-py3.10.egg-info' (and everything under it)
[6.989s] Copying ../build/bringup/bringup.egg-info to /home/sb-bot/ros2_ws/robot-driver-main/sb_bot_ws/src/sb-bot/install/bringup/lib/python3.10/site-packages/bringup-0.0.0-py3.10.egg-info
[6.990s] running install_scripts
[7.082s] writing list of installed files to '/home/sb-bot/ros2_ws/robot-driver-main/sb_bot_ws/src/sb-bot/build/bringup/install.log'
[9.961s] Invoked command in '/home/sb-bot/ros2_ws/robot-driver-main/sb_bot_ws/src/sb-bot/bringup' returned '0': PYTHONPATH=/home/sb-bot/ros2_ws/robot-driver-main/sb_bot_ws/src/sb-bot/build/bringup/prefix_override:/usr/lib/python3/dist-packages/colcon_core/task/python/colcon_distutils_commands:/home/sb-bot/ros2_ws/robot-driver-main/sb_bot_ws/src/sb-bot/install/bringup/lib/python3.10/site-packages:${PYTHONPATH} /usr/bin/python3 -W ignore:setup.py install is deprecated -W ignore:easy_install command is deprecated setup.py egg_info --egg-base ../build/bringup build --build-base /home/sb-bot/ros2_ws/robot-driver-main/sb_bot_ws/src/sb-bot/build/bringup/build install --record /home/sb-bot/ros2_ws/robot-driver-main/sb_bot_ws/src/sb-bot/build/bringup/install.log --single-version-externally-managed install_data
