[0.134s] Invoking command in '/home/sb-bot/ros2_ws/robot-driver-main/sb_bot_ws/src/sb-bot/build/lslidar_msgs': CMAKE_PREFIX_PATH=${CMAKE_PREFIX_PATH}:/home/sb-bot/ros2_ws/robot-driver-main/sb_bot_ws/install/sb_bot_description:/home/sb-bot/ros2_ws/robot-driver-main/sb_bot_ws/install/motor_controller:/home/sb-bot/ros2_ws/robot-driver-main/sb_bot_ws/install/localization:/home/sb-bot/ros2_ws/robot-driver-main/sb_bot_ws/install/keyboard_control:/home/sb-bot/ros2_ws/robot-driver-main/sb_bot_ws/install/imu_node:/home/sb-bot/ros2_ws/robot-driver-main/sb_bot_ws/install/imu_driver:/home/sb-bot/ros2_ws/robot-driver-main/sb_bot_ws/install/controller_bridge:/home/sb-bot/ros2_ws/robot-driver-main/sb_bot_ws/install/bringup:/opt/ros/humble /usr/bin/cmake /home/sb-bot/ros2_ws/robot-driver-main/sb_bot_ws/src/sb-bot/lslidar_msgs -DCMAKE_INSTALL_PREFIX=/home/sb-bot/ros2_ws/robot-driver-main/sb_bot_ws/src/sb-bot/install/lslidar_msgs
[3.243s] -- The C compiler identification is GNU 11.4.0
[3.244s] -- The CXX compiler identification is GNU 11.4.0
[3.244s] -- Detecting C compiler ABI info
[3.244s] -- Detecting C compiler ABI info - done
[3.244s] -- Check for working C compiler: /usr/bin/cc - skipped
[3.244s] -- Detecting C compile features
[3.244s] -- Detecting C compile features - done
[3.244s] -- Detecting CXX compiler ABI info
[3.245s] -- Detecting CXX compiler ABI info - done
[3.245s] -- Check for working CXX compiler: /usr/bin/c++ - skipped
[3.245s] -- Detecting CXX compile features
[3.245s] -- Detecting CXX compile features - done
[3.245s] -- Found ament_cmake: 1.3.11 (/opt/ros/humble/share/ament_cmake/cmake)
[3.246s] -- Found Python3: /usr/bin/python3 (found version "3.10.12") found components: Interpreter 
[3.246s] -- Found std_msgs: 4.8.0 (/opt/ros/humble/share/std_msgs/cmake)
[3.246s] -- Found rosidl_generator_c: 3.1.6 (/opt/ros/humble/share/rosidl_generator_c/cmake)
[3.246s] -- Found rosidl_adapter: 3.1.6 (/opt/ros/humble/share/rosidl_adapter/cmake)
[3.246s] -- Found rosidl_generator_cpp: 3.1.6 (/opt/ros/humble/share/rosidl_generator_cpp/cmake)
[3.246s] -- Using all available rosidl_typesupport_c: rosidl_typesupport_fastrtps_c;rosidl_typesupport_introspection_c
[3.246s] -- Using all available rosidl_typesupport_cpp: rosidl_typesupport_fastrtps_cpp;rosidl_typesupport_introspection_cpp
[3.246s] -- Found sensor_msgs: 4.8.0 (/opt/ros/humble/share/sensor_msgs/cmake)
[3.247s] -- Found rosidl_default_generators: 1.2.0 (/opt/ros/humble/share/rosidl_default_generators/cmake)
[3.247s] -- Found ament_lint_auto: 0.12.12 (/opt/ros/humble/share/ament_lint_auto/cmake)
[3.507s] -- Found ament_cmake_ros: 0.10.0 (/opt/ros/humble/share/ament_cmake_ros/cmake)
[4.958s] -- Using all available rosidl_typesupport_c: rosidl_typesupport_fastrtps_c;rosidl_typesupport_introspection_c
[5.571s] -- Using all available rosidl_typesupport_cpp: rosidl_typesupport_fastrtps_cpp;rosidl_typesupport_introspection_cpp
[5.655s] -- Found PythonInterp: /usr/bin/python3 (found suitable version "3.10.12", minimum required is "3.6") 
[5.662s] -- Found python_cmake_module: 0.10.0 (/opt/ros/humble/share/python_cmake_module/cmake)
[5.796s] -- Found PythonLibs: /usr/lib/aarch64-linux-gnu/libpython3.10.so (found suitable version "3.10.12", minimum required is "3.5") 
[5.808s] -- Using PYTHON_EXECUTABLE: /usr/bin/python3
[5.809s] -- Using PYTHON_INCLUDE_DIRS: /usr/include/python3.10
[5.809s] -- Using PYTHON_LIBRARIES: /usr/lib/aarch64-linux-gnu/libpython3.10.so
[5.918s] -- Found PythonExtra: .so  
[6.219s] -- Added test 'copyright' to check source files copyright and LICENSE
[6.226s] -- Added test 'lint_cmake' to check CMake code style
[6.234s] -- Added test 'xmllint' to check XML markup files
[6.257s] -- Configuring done
[6.401s] -- Generating done
[6.461s] -- Build files have been written to: /home/sb-bot/ros2_ws/robot-driver-main/sb_bot_ws/src/sb-bot/build/lslidar_msgs
[6.513s] Invoked command in '/home/sb-bot/ros2_ws/robot-driver-main/sb_bot_ws/src/sb-bot/build/lslidar_msgs' returned '0': CMAKE_PREFIX_PATH=${CMAKE_PREFIX_PATH}:/home/sb-bot/ros2_ws/robot-driver-main/sb_bot_ws/install/sb_bot_description:/home/sb-bot/ros2_ws/robot-driver-main/sb_bot_ws/install/motor_controller:/home/sb-bot/ros2_ws/robot-driver-main/sb_bot_ws/install/localization:/home/sb-bot/ros2_ws/robot-driver-main/sb_bot_ws/install/keyboard_control:/home/sb-bot/ros2_ws/robot-driver-main/sb_bot_ws/install/imu_node:/home/sb-bot/ros2_ws/robot-driver-main/sb_bot_ws/install/imu_driver:/home/sb-bot/ros2_ws/robot-driver-main/sb_bot_ws/install/controller_bridge:/home/sb-bot/ros2_ws/robot-driver-main/sb_bot_ws/install/bringup:/opt/ros/humble /usr/bin/cmake /home/sb-bot/ros2_ws/robot-driver-main/sb_bot_ws/src/sb-bot/lslidar_msgs -DCMAKE_INSTALL_PREFIX=/home/sb-bot/ros2_ws/robot-driver-main/sb_bot_ws/src/sb-bot/install/lslidar_msgs
[6.514s] Invoking command in '/home/sb-bot/ros2_ws/robot-driver-main/sb_bot_ws/src/sb-bot/build/lslidar_msgs': CMAKE_PREFIX_PATH=${CMAKE_PREFIX_PATH}:/home/sb-bot/ros2_ws/robot-driver-main/sb_bot_ws/install/sb_bot_description:/home/sb-bot/ros2_ws/robot-driver-main/sb_bot_ws/install/motor_controller:/home/sb-bot/ros2_ws/robot-driver-main/sb_bot_ws/install/localization:/home/sb-bot/ros2_ws/robot-driver-main/sb_bot_ws/install/keyboard_control:/home/sb-bot/ros2_ws/robot-driver-main/sb_bot_ws/install/imu_node:/home/sb-bot/ros2_ws/robot-driver-main/sb_bot_ws/install/imu_driver:/home/sb-bot/ros2_ws/robot-driver-main/sb_bot_ws/install/controller_bridge:/home/sb-bot/ros2_ws/robot-driver-main/sb_bot_ws/install/bringup:/opt/ros/humble /usr/bin/cmake --build /home/sb-bot/ros2_ws/robot-driver-main/sb_bot_ws/src/sb-bot/build/lslidar_msgs -- -j6 -l6
[6.908s] [  1%] [34m[1mGenerating C code for ROS interfaces[0m
[6.908s] [  3%] [34m[1mGenerating C++ code for ROS interfaces[0m
[6.908s] [  3%] Built target ament_cmake_python_copy_lslidar_msgs
[7.969s] running egg_info
[7.972s] creating lslidar_msgs.egg-info
[7.973s] writing lslidar_msgs.egg-info/PKG-INFO
[7.975s] writing dependency_links to lslidar_msgs.egg-info/dependency_links.txt
[7.977s] writing top-level names to lslidar_msgs.egg-info/top_level.txt
[7.979s] writing manifest file 'lslidar_msgs.egg-info/SOURCES.txt'
[7.987s] reading manifest file 'lslidar_msgs.egg-info/SOURCES.txt'
[8.000s] writing manifest file 'lslidar_msgs.egg-info/SOURCES.txt'
[8.113s] [  3%] Built target ament_cmake_python_build_lslidar_msgs_egg
[9.442s] [  3%] Built target lslidar_msgs__cpp
[9.484s] [  4%] [34m[1mGenerating C++ type support dispatch for ROS interfaces[0m
[9.527s] [  6%] [34m[1mGenerating C++ introspection for ROS interfaces[0m
[9.537s] [  7%] [34m[1mGenerating C++ type support for eProsima Fast-RTPS[0m
[10.152s] [  9%] [32mBuilding C object CMakeFiles/lslidar_msgs__rosidl_generator_c.dir/rosidl_generator_c/lslidar_msgs/msg/detail/lslidar_difop__functions.c.o[0m
[10.214s] [ 11%] [32mBuilding C object CMakeFiles/lslidar_msgs__rosidl_generator_c.dir/rosidl_generator_c/lslidar_msgs/msg/detail/lslidar_point__functions.c.o[0m
[10.243s] [ 12%] [32mBuilding C object CMakeFiles/lslidar_msgs__rosidl_generator_c.dir/rosidl_generator_c/lslidar_msgs/msg/detail/lslidar_packet__functions.c.o[0m
[10.693s] [ 14%] [32mBuilding C object CMakeFiles/lslidar_msgs__rosidl_generator_c.dir/rosidl_generator_c/lslidar_msgs/msg/detail/lslidar_scan__functions.c.o[0m
[10.881s] [ 15%] [32mBuilding C object CMakeFiles/lslidar_msgs__rosidl_generator_c.dir/rosidl_generator_c/lslidar_msgs/msg/detail/lslidar_sweep__functions.c.o[0m
[11.324s] [ 17%] [32m[1mLinking C shared library liblslidar_msgs__rosidl_generator_c.so[0m
[11.461s] [ 19%] [32mBuilding CXX object CMakeFiles/lslidar_msgs__rosidl_typesupport_cpp.dir/rosidl_typesupport_cpp/lslidar_msgs/msg/lslidar_difop__type_support.cpp.o[0m
[11.487s] [ 20%] [32mBuilding CXX object CMakeFiles/lslidar_msgs__rosidl_typesupport_cpp.dir/rosidl_typesupport_cpp/lslidar_msgs/msg/lslidar_packet__type_support.cpp.o[0m
[11.525s] [ 22%] [32mBuilding CXX object CMakeFiles/lslidar_msgs__rosidl_typesupport_cpp.dir/rosidl_typesupport_cpp/lslidar_msgs/msg/lslidar_point__type_support.cpp.o[0m
[11.674s] [ 23%] [32mBuilding CXX object CMakeFiles/lslidar_msgs__rosidl_typesupport_fastrtps_cpp.dir/rosidl_typesupport_fastrtps_cpp/lslidar_msgs/msg/detail/dds_fastrtps/lslidar_difop__type_support.cpp.o[0m
[11.756s] [ 23%] Built target lslidar_msgs__rosidl_generator_c
[11.841s] [ 25%] [32mBuilding CXX object CMakeFiles/lslidar_msgs__rosidl_typesupport_cpp.dir/rosidl_typesupport_cpp/lslidar_msgs/msg/lslidar_scan__type_support.cpp.o[0m
[13.581s] [ 26%] [32mBuilding CXX object CMakeFiles/lslidar_msgs__rosidl_typesupport_cpp.dir/rosidl_typesupport_cpp/lslidar_msgs/msg/lslidar_sweep__type_support.cpp.o[0m
[13.994s] [ 28%] [32mBuilding CXX object CMakeFiles/lslidar_msgs__rosidl_typesupport_fastrtps_cpp.dir/rosidl_typesupport_fastrtps_cpp/lslidar_msgs/msg/detail/dds_fastrtps/lslidar_packet__type_support.cpp.o[0m
[14.056s] [ 30%] [34m[1mGenerating C type support for eProsima Fast-RTPS[0m
[14.210s] [ 31%] [32mBuilding CXX object CMakeFiles/lslidar_msgs__rosidl_typesupport_introspection_cpp.dir/rosidl_typesupport_introspection_cpp/lslidar_msgs/msg/detail/lslidar_difop__type_support.cpp.o[0m
[14.665s] [ 33%] [32mBuilding CXX object CMakeFiles/lslidar_msgs__rosidl_typesupport_introspection_cpp.dir/rosidl_typesupport_introspection_cpp/lslidar_msgs/msg/detail/lslidar_packet__type_support.cpp.o[0m
[14.840s] [ 34%] [32mBuilding CXX object CMakeFiles/lslidar_msgs__rosidl_typesupport_fastrtps_cpp.dir/rosidl_typesupport_fastrtps_cpp/lslidar_msgs/msg/detail/dds_fastrtps/lslidar_point__type_support.cpp.o[0m
[16.191s] [ 36%] [32m[1mLinking CXX shared library liblslidar_msgs__rosidl_typesupport_cpp.so[0m
[16.767s] [ 36%] Built target lslidar_msgs__rosidl_typesupport_cpp
[16.916s] [ 38%] [32mBuilding CXX object CMakeFiles/lslidar_msgs__rosidl_typesupport_fastrtps_cpp.dir/rosidl_typesupport_fastrtps_cpp/lslidar_msgs/msg/detail/dds_fastrtps/lslidar_scan__type_support.cpp.o[0m
[17.094s] [ 39%] [32mBuilding CXX object CMakeFiles/lslidar_msgs__rosidl_typesupport_introspection_cpp.dir/rosidl_typesupport_introspection_cpp/lslidar_msgs/msg/detail/lslidar_point__type_support.cpp.o[0m
[18.054s] [ 41%] [32mBuilding CXX object CMakeFiles/lslidar_msgs__rosidl_typesupport_fastrtps_cpp.dir/rosidl_typesupport_fastrtps_cpp/lslidar_msgs/msg/detail/dds_fastrtps/lslidar_sweep__type_support.cpp.o[0m
[18.204s] [ 42%] [32mBuilding CXX object CMakeFiles/lslidar_msgs__rosidl_typesupport_introspection_cpp.dir/rosidl_typesupport_introspection_cpp/lslidar_msgs/msg/detail/lslidar_scan__type_support.cpp.o[0m
[18.643s] [ 44%] [32mBuilding CXX object CMakeFiles/lslidar_msgs__rosidl_typesupport_fastrtps_c.dir/rosidl_typesupport_fastrtps_c/lslidar_msgs/msg/detail/lslidar_difop__type_support_c.cpp.o[0m
[18.693s] [ 46%] [32mBuilding CXX object CMakeFiles/lslidar_msgs__rosidl_typesupport_introspection_cpp.dir/rosidl_typesupport_introspection_cpp/lslidar_msgs/msg/detail/lslidar_sweep__type_support.cpp.o[0m
[18.843s] [ 47%] [32mBuilding CXX object CMakeFiles/lslidar_msgs__rosidl_typesupport_fastrtps_c.dir/rosidl_typesupport_fastrtps_c/lslidar_msgs/msg/detail/lslidar_packet__type_support_c.cpp.o[0m
[19.266s] [ 49%] [32mBuilding CXX object CMakeFiles/lslidar_msgs__rosidl_typesupport_fastrtps_c.dir/rosidl_typesupport_fastrtps_c/lslidar_msgs/msg/detail/lslidar_point__type_support_c.cpp.o[0m
[21.124s] [ 50%] [32m[1mLinking CXX shared library liblslidar_msgs__rosidl_typesupport_fastrtps_cpp.so[0m
[21.455s] [ 52%] [32mBuilding CXX object CMakeFiles/lslidar_msgs__rosidl_typesupport_fastrtps_c.dir/rosidl_typesupport_fastrtps_c/lslidar_msgs/msg/detail/lslidar_sweep__type_support_c.cpp.o[0m
[21.583s] [ 52%] Built target lslidar_msgs__rosidl_typesupport_fastrtps_cpp
[22.284s] [ 53%] [32m[1mLinking CXX shared library liblslidar_msgs__rosidl_typesupport_introspection_cpp.so[0m
[22.731s] [ 53%] Built target lslidar_msgs__rosidl_typesupport_introspection_cpp
[23.114s] [ 55%] [32mBuilding CXX object CMakeFiles/lslidar_msgs__rosidl_typesupport_fastrtps_c.dir/rosidl_typesupport_fastrtps_c/lslidar_msgs/msg/detail/lslidar_scan__type_support_c.cpp.o[0m
[24.409s] [32m[1mLinking CXX shared library liblslidar_msgs__rosidl_typesupport_fastrtps_c.so[0m
[24.702s] Built target lslidar_msgs__rosidl_typesupport_fastrtps_c
[24.743s] [34m[1mGenerating C type support dispatch for ROS interfaces[0m
[25.277s] Traceback (most recent call last):
[25.277s]   File "/opt/ros/humble/lib/rosidl_typesupport_c/rosidl_typesupport_c", line 28, in <module>
[25.282s]     sys.exit(main())
[25.282s]   File "/opt/ros/humble/lib/rosidl_typesupport_c/rosidl_typesupport_c", line 24, in main
[25.282s]     generate_c(args.generator_arguments_file, args.typesupports)
[25.282s]   File "/opt/ros/humble/local/lib/python3.10/dist-packages/rosidl_typesupport_c/__init__.py", line 28, in generate_c
[25.282s]     return generate_files(
[25.283s]   File "/opt/ros/humble/local/lib/python3.10/dist-packages/rosidl_cmake/__init__.py", line 55, in generate_files
[25.283s]     args = read_generator_arguments(generator_arguments_file)
[25.283s]   File "/opt/ros/humble/local/lib/python3.10/dist-packages/rosidl_cmake/__init__.py", line 38, in read_generator_arguments
[25.283s]     with open(input_file, mode='r', encoding='utf-8') as h:
[25.283s] FileNotFoundError: [Errno 2] No such file or directory: '/home/sb-bot/ros2_ws/robot-driver-main/sb_bot_ws/src/sb-bot/build/lslidar_msgs/rosidl_typesupport_c__arguments.json'
[25.353s] gmake[2]: *** [CMakeFiles/lslidar_msgs__rosidl_typesupport_c.dir/build.make:116：rosidl_typesupport_c/lslidar_msgs/msg/lslidar_difop__type_support.cpp] 错误 1
[25.353s] gmake[1]: *** [CMakeFiles/Makefile2:342：CMakeFiles/lslidar_msgs__rosidl_typesupport_c.dir/all] 错误 2
[25.353s] gmake: *** [Makefile:146：all] 错误 2
[25.367s] Invoked command in '/home/sb-bot/ros2_ws/robot-driver-main/sb_bot_ws/src/sb-bot/build/lslidar_msgs' returned '2': CMAKE_PREFIX_PATH=${CMAKE_PREFIX_PATH}:/home/sb-bot/ros2_ws/robot-driver-main/sb_bot_ws/install/sb_bot_description:/home/sb-bot/ros2_ws/robot-driver-main/sb_bot_ws/install/motor_controller:/home/sb-bot/ros2_ws/robot-driver-main/sb_bot_ws/install/localization:/home/sb-bot/ros2_ws/robot-driver-main/sb_bot_ws/install/keyboard_control:/home/sb-bot/ros2_ws/robot-driver-main/sb_bot_ws/install/imu_node:/home/sb-bot/ros2_ws/robot-driver-main/sb_bot_ws/install/imu_driver:/home/sb-bot/ros2_ws/robot-driver-main/sb_bot_ws/install/controller_bridge:/home/sb-bot/ros2_ws/robot-driver-main/sb_bot_ws/install/bringup:/opt/ros/humble /usr/bin/cmake --build /home/sb-bot/ros2_ws/robot-driver-main/sb_bot_ws/src/sb-bot/build/lslidar_msgs -- -j6 -l6
