[0.239s] DEBUG:colcon:Command line arguments: ['/usr/bin/colcon', 'build', '--packages-select', 'sb_slam_toolbox']
[0.239s] DEBUG:colcon:Parsed command line arguments: Namespace(log_base=None, log_level=None, verb_name='build', build_base='build', install_base='install', merge_install=False, symlink_install=False, test_result_base=None, continue_on_error=False, executor='parallel', parallel_workers=6, event_handlers=None, ignore_user_meta=False, metas=['./colcon.meta'], base_paths=['.'], packages_ignore=None, packages_ignore_regex=None, paths=None, packages_up_to=None, packages_up_to_regex=None, packages_above=None, packages_above_and_dependencies=None, packages_above_depth=None, packages_select_by_dep=None, packages_skip_by_dep=None, packages_skip_up_to=None, packages_select_build_failed=False, packages_skip_build_finished=False, packages_select_test_failures=False, packages_skip_test_passed=False, packages_select=['sb_slam_toolbox'], packages_skip=None, packages_select_regex=None, packages_skip_regex=None, packages_start=None, packages_end=None, allow_overriding=[], cmake_args=None, cmake_target=None, cmake_target_skip_unavailable=False, cmake_clean_cache=False, cmake_clean_first=False, cmake_force_configure=False, ament_cmake_args=None, catkin_cmake_args=None, catkin_skip_building_tests=False, verb_parser=<colcon_defaults.argument_parser.defaults.DefaultArgumentsDecorator object at 0xffff88bf8220>, verb_extension=<colcon_core.verb.build.BuildVerb object at 0xffff88bc3130>, main=<bound method BuildVerb.main of <colcon_core.verb.build.BuildVerb object at 0xffff88bc3130>>)
[0.611s] Level 1:colcon.colcon_core.package_discovery:discover_packages(colcon_meta) check parameters
[0.611s] Level 1:colcon.colcon_core.package_discovery:discover_packages(recursive) check parameters
[0.612s] Level 1:colcon.colcon_core.package_discovery:discover_packages(ignore) check parameters
[0.612s] Level 1:colcon.colcon_core.package_discovery:discover_packages(path) check parameters
[0.612s] Level 1:colcon.colcon_core.package_discovery:discover_packages(colcon_meta) discover
[0.613s] Level 1:colcon.colcon_core.package_discovery:discover_packages(recursive) discover
[0.613s] INFO:colcon.colcon_core.package_discovery:Crawling recursively for packages in '/home/sb-bot/ros2_ws/robot-driver-main/sb_bot_ws/src/sb-bot'
[0.613s] Level 1:colcon.colcon_core.package_identification:_identify(.) by extensions ['ignore', 'ignore_ament_install']
[0.614s] Level 1:colcon.colcon_core.package_identification:_identify(.) by extension 'ignore'
[0.614s] Level 1:colcon.colcon_core.package_identification:_identify(.) by extension 'ignore_ament_install'
[0.614s] Level 1:colcon.colcon_core.package_identification:_identify(.) by extensions ['colcon_pkg']
[0.615s] Level 1:colcon.colcon_core.package_identification:_identify(.) by extension 'colcon_pkg'
[0.615s] Level 1:colcon.colcon_core.package_identification:_identify(.) by extensions ['colcon_meta']
[0.615s] Level 1:colcon.colcon_core.package_identification:_identify(.) by extension 'colcon_meta'
[0.615s] Level 1:colcon.colcon_core.package_identification:_identify(.) by extensions ['ros']
[0.615s] Level 1:colcon.colcon_core.package_identification:_identify(.) by extension 'ros'
[0.640s] Level 1:colcon.colcon_core.package_identification:_identify(.) by extensions ['cmake', 'python']
[0.640s] Level 1:colcon.colcon_core.package_identification:_identify(.) by extension 'cmake'
[0.640s] Level 1:colcon.colcon_core.package_identification:_identify(.) by extension 'python'
[0.640s] Level 1:colcon.colcon_core.package_identification:_identify(.) by extensions ['python_setup_py']
[0.640s] Level 1:colcon.colcon_core.package_identification:_identify(.) by extension 'python_setup_py'
[0.641s] Level 1:colcon.colcon_core.package_identification:_identify(bringup) by extensions ['ignore', 'ignore_ament_install']
[0.641s] Level 1:colcon.colcon_core.package_identification:_identify(bringup) by extension 'ignore'
[0.641s] Level 1:colcon.colcon_core.package_identification:_identify(bringup) by extension 'ignore_ament_install'
[0.641s] Level 1:colcon.colcon_core.package_identification:_identify(bringup) by extensions ['colcon_pkg']
[0.641s] Level 1:colcon.colcon_core.package_identification:_identify(bringup) by extension 'colcon_pkg'
[0.641s] Level 1:colcon.colcon_core.package_identification:_identify(bringup) by extensions ['colcon_meta']
[0.641s] Level 1:colcon.colcon_core.package_identification:_identify(bringup) by extension 'colcon_meta'
[0.641s] Level 1:colcon.colcon_core.package_identification:_identify(bringup) by extensions ['ros']
[0.642s] Level 1:colcon.colcon_core.package_identification:_identify(bringup) by extension 'ros'
[0.647s] DEBUG:colcon.colcon_core.package_identification:Package 'bringup' with type 'ros.ament_python' and name 'bringup'
[0.647s] Level 1:colcon.colcon_core.package_identification:_identify(build) by extensions ['ignore', 'ignore_ament_install']
[0.647s] Level 1:colcon.colcon_core.package_identification:_identify(build) by extension 'ignore'
[0.647s] Level 1:colcon.colcon_core.package_identification:_identify(build) ignored
[0.648s] Level 1:colcon.colcon_core.package_identification:_identify(controller_bridge) by extensions ['ignore', 'ignore_ament_install']
[0.648s] Level 1:colcon.colcon_core.package_identification:_identify(controller_bridge) by extension 'ignore'
[0.648s] Level 1:colcon.colcon_core.package_identification:_identify(controller_bridge) by extension 'ignore_ament_install'
[0.648s] Level 1:colcon.colcon_core.package_identification:_identify(controller_bridge) by extensions ['colcon_pkg']
[0.648s] Level 1:colcon.colcon_core.package_identification:_identify(controller_bridge) by extension 'colcon_pkg'
[0.648s] Level 1:colcon.colcon_core.package_identification:_identify(controller_bridge) by extensions ['colcon_meta']
[0.648s] Level 1:colcon.colcon_core.package_identification:_identify(controller_bridge) by extension 'colcon_meta'
[0.649s] Level 1:colcon.colcon_core.package_identification:_identify(controller_bridge) by extensions ['ros']
[0.649s] Level 1:colcon.colcon_core.package_identification:_identify(controller_bridge) by extension 'ros'
[0.650s] DEBUG:colcon.colcon_core.package_identification:Package 'controller_bridge' with type 'ros.ament_python' and name 'controller_bridge'
[0.650s] Level 1:colcon.colcon_core.package_identification:_identify(imu_node) by extensions ['ignore', 'ignore_ament_install']
[0.650s] Level 1:colcon.colcon_core.package_identification:_identify(imu_node) by extension 'ignore'
[0.650s] Level 1:colcon.colcon_core.package_identification:_identify(imu_node) by extension 'ignore_ament_install'
[0.651s] Level 1:colcon.colcon_core.package_identification:_identify(imu_node) by extensions ['colcon_pkg']
[0.651s] Level 1:colcon.colcon_core.package_identification:_identify(imu_node) by extension 'colcon_pkg'
[0.651s] Level 1:colcon.colcon_core.package_identification:_identify(imu_node) by extensions ['colcon_meta']
[0.651s] Level 1:colcon.colcon_core.package_identification:_identify(imu_node) by extension 'colcon_meta'
[0.651s] Level 1:colcon.colcon_core.package_identification:_identify(imu_node) by extensions ['ros']
[0.651s] Level 1:colcon.colcon_core.package_identification:_identify(imu_node) by extension 'ros'
[0.652s] DEBUG:colcon.colcon_core.package_identification:Package 'imu_node' with type 'ros.ament_python' and name 'imu_node'
[0.653s] Level 1:colcon.colcon_core.package_identification:_identify(install) by extensions ['ignore', 'ignore_ament_install']
[0.653s] Level 1:colcon.colcon_core.package_identification:_identify(install) by extension 'ignore'
[0.653s] Level 1:colcon.colcon_core.package_identification:_identify(install) ignored
[0.653s] Level 1:colcon.colcon_core.package_identification:_identify(keyboard_control) by extensions ['ignore', 'ignore_ament_install']
[0.654s] Level 1:colcon.colcon_core.package_identification:_identify(keyboard_control) by extension 'ignore'
[0.654s] Level 1:colcon.colcon_core.package_identification:_identify(keyboard_control) by extension 'ignore_ament_install'
[0.654s] Level 1:colcon.colcon_core.package_identification:_identify(keyboard_control) by extensions ['colcon_pkg']
[0.654s] Level 1:colcon.colcon_core.package_identification:_identify(keyboard_control) by extension 'colcon_pkg'
[0.654s] Level 1:colcon.colcon_core.package_identification:_identify(keyboard_control) by extensions ['colcon_meta']
[0.654s] Level 1:colcon.colcon_core.package_identification:_identify(keyboard_control) by extension 'colcon_meta'
[0.654s] Level 1:colcon.colcon_core.package_identification:_identify(keyboard_control) by extensions ['ros']
[0.654s] Level 1:colcon.colcon_core.package_identification:_identify(keyboard_control) by extension 'ros'
[0.656s] DEBUG:colcon.colcon_core.package_identification:Package 'keyboard_control' with type 'ros.ament_python' and name 'keyboard_control'
[0.656s] Level 1:colcon.colcon_core.package_identification:_identify(localization) by extensions ['ignore', 'ignore_ament_install']
[0.656s] Level 1:colcon.colcon_core.package_identification:_identify(localization) by extension 'ignore'
[0.656s] Level 1:colcon.colcon_core.package_identification:_identify(localization) by extension 'ignore_ament_install'
[0.657s] Level 1:colcon.colcon_core.package_identification:_identify(localization) by extensions ['colcon_pkg']
[0.657s] Level 1:colcon.colcon_core.package_identification:_identify(localization) by extension 'colcon_pkg'
[0.657s] Level 1:colcon.colcon_core.package_identification:_identify(localization) by extensions ['colcon_meta']
[0.657s] Level 1:colcon.colcon_core.package_identification:_identify(localization) by extension 'colcon_meta'
[0.657s] Level 1:colcon.colcon_core.package_identification:_identify(localization) by extensions ['ros']
[0.657s] Level 1:colcon.colcon_core.package_identification:_identify(localization) by extension 'ros'
[0.658s] DEBUG:colcon.colcon_core.package_identification:Package 'localization' with type 'ros.ament_python' and name 'localization'
[0.658s] Level 1:colcon.colcon_core.package_identification:_identify(log) by extensions ['ignore', 'ignore_ament_install']
[0.658s] Level 1:colcon.colcon_core.package_identification:_identify(log) by extension 'ignore'
[0.659s] Level 1:colcon.colcon_core.package_identification:_identify(log) ignored
[0.659s] Level 1:colcon.colcon_core.package_identification:_identify(lslidar_driver) by extensions ['ignore', 'ignore_ament_install']
[0.659s] Level 1:colcon.colcon_core.package_identification:_identify(lslidar_driver) by extension 'ignore'
[0.659s] Level 1:colcon.colcon_core.package_identification:_identify(lslidar_driver) by extension 'ignore_ament_install'
[0.659s] Level 1:colcon.colcon_core.package_identification:_identify(lslidar_driver) by extensions ['colcon_pkg']
[0.659s] Level 1:colcon.colcon_core.package_identification:_identify(lslidar_driver) by extension 'colcon_pkg'
[0.659s] Level 1:colcon.colcon_core.package_identification:_identify(lslidar_driver) by extensions ['colcon_meta']
[0.659s] Level 1:colcon.colcon_core.package_identification:_identify(lslidar_driver) by extension 'colcon_meta'
[0.660s] Level 1:colcon.colcon_core.package_identification:_identify(lslidar_driver) by extensions ['ros']
[0.660s] Level 1:colcon.colcon_core.package_identification:_identify(lslidar_driver) by extension 'ros'
[0.661s] DEBUG:colcon.colcon_core.package_identification:Package 'lslidar_driver' with type 'ros.ament_cmake' and name 'lslidar_driver'
[0.661s] Level 1:colcon.colcon_core.package_identification:_identify(lslidar_msgs) by extensions ['ignore', 'ignore_ament_install']
[0.661s] Level 1:colcon.colcon_core.package_identification:_identify(lslidar_msgs) by extension 'ignore'
[0.662s] Level 1:colcon.colcon_core.package_identification:_identify(lslidar_msgs) by extension 'ignore_ament_install'
[0.662s] Level 1:colcon.colcon_core.package_identification:_identify(lslidar_msgs) by extensions ['colcon_pkg']
[0.662s] Level 1:colcon.colcon_core.package_identification:_identify(lslidar_msgs) by extension 'colcon_pkg'
[0.662s] Level 1:colcon.colcon_core.package_identification:_identify(lslidar_msgs) by extensions ['colcon_meta']
[0.662s] Level 1:colcon.colcon_core.package_identification:_identify(lslidar_msgs) by extension 'colcon_meta'
[0.662s] Level 1:colcon.colcon_core.package_identification:_identify(lslidar_msgs) by extensions ['ros']
[0.662s] Level 1:colcon.colcon_core.package_identification:_identify(lslidar_msgs) by extension 'ros'
[0.663s] DEBUG:colcon.colcon_core.package_identification:Package 'lslidar_msgs' with type 'ros.ament_cmake' and name 'lslidar_msgs'
[0.664s] Level 1:colcon.colcon_core.package_identification:_identify(motor_controller) by extensions ['ignore', 'ignore_ament_install']
[0.664s] Level 1:colcon.colcon_core.package_identification:_identify(motor_controller) by extension 'ignore'
[0.664s] Level 1:colcon.colcon_core.package_identification:_identify(motor_controller) by extension 'ignore_ament_install'
[0.664s] Level 1:colcon.colcon_core.package_identification:_identify(motor_controller) by extensions ['colcon_pkg']
[0.664s] Level 1:colcon.colcon_core.package_identification:_identify(motor_controller) by extension 'colcon_pkg'
[0.664s] Level 1:colcon.colcon_core.package_identification:_identify(motor_controller) by extensions ['colcon_meta']
[0.664s] Level 1:colcon.colcon_core.package_identification:_identify(motor_controller) by extension 'colcon_meta'
[0.664s] Level 1:colcon.colcon_core.package_identification:_identify(motor_controller) by extensions ['ros']
[0.664s] Level 1:colcon.colcon_core.package_identification:_identify(motor_controller) by extension 'ros'
[0.665s] DEBUG:colcon.colcon_core.package_identification:Package 'motor_controller' with type 'ros.ament_python' and name 'motor_controller'
[0.666s] Level 1:colcon.colcon_core.package_identification:_identify(sb_bot_description) by extensions ['ignore', 'ignore_ament_install']
[0.666s] Level 1:colcon.colcon_core.package_identification:_identify(sb_bot_description) by extension 'ignore'
[0.666s] Level 1:colcon.colcon_core.package_identification:_identify(sb_bot_description) by extension 'ignore_ament_install'
[0.666s] Level 1:colcon.colcon_core.package_identification:_identify(sb_bot_description) by extensions ['colcon_pkg']
[0.666s] Level 1:colcon.colcon_core.package_identification:_identify(sb_bot_description) by extension 'colcon_pkg'
[0.666s] Level 1:colcon.colcon_core.package_identification:_identify(sb_bot_description) by extensions ['colcon_meta']
[0.666s] Level 1:colcon.colcon_core.package_identification:_identify(sb_bot_description) by extension 'colcon_meta'
[0.666s] Level 1:colcon.colcon_core.package_identification:_identify(sb_bot_description) by extensions ['ros']
[0.666s] Level 1:colcon.colcon_core.package_identification:_identify(sb_bot_description) by extension 'ros'
[0.667s] DEBUG:colcon.colcon_core.package_identification:Package 'sb_bot_description' with type 'ros.ament_python' and name 'sb_bot_description'
[0.668s] Level 1:colcon.colcon_core.package_identification:_identify(sb_slam_toolbox) by extensions ['ignore', 'ignore_ament_install']
[0.668s] Level 1:colcon.colcon_core.package_identification:_identify(sb_slam_toolbox) by extension 'ignore'
[0.668s] Level 1:colcon.colcon_core.package_identification:_identify(sb_slam_toolbox) by extension 'ignore_ament_install'
[0.668s] Level 1:colcon.colcon_core.package_identification:_identify(sb_slam_toolbox) by extensions ['colcon_pkg']
[0.668s] Level 1:colcon.colcon_core.package_identification:_identify(sb_slam_toolbox) by extension 'colcon_pkg'
[0.668s] Level 1:colcon.colcon_core.package_identification:_identify(sb_slam_toolbox) by extensions ['colcon_meta']
[0.668s] Level 1:colcon.colcon_core.package_identification:_identify(sb_slam_toolbox) by extension 'colcon_meta'
[0.668s] Level 1:colcon.colcon_core.package_identification:_identify(sb_slam_toolbox) by extensions ['ros']
[0.668s] Level 1:colcon.colcon_core.package_identification:_identify(sb_slam_toolbox) by extension 'ros'
[0.669s] Level 1:colcon.colcon_core.package_identification:_identify(sb_slam_toolbox) by extensions ['cmake', 'python']
[0.669s] Level 1:colcon.colcon_core.package_identification:_identify(sb_slam_toolbox) by extension 'cmake'
[0.669s] Level 1:colcon.colcon_core.package_identification:_identify(sb_slam_toolbox) by extension 'python'
[0.669s] Level 1:colcon.colcon_core.package_identification:_identify(sb_slam_toolbox) by extensions ['python_setup_py']
[0.669s] Level 1:colcon.colcon_core.package_identification:_identify(sb_slam_toolbox) by extension 'python_setup_py'
[0.669s] Level 1:colcon.colcon_core.package_identification:_identify(sb_slam_toolbox/sb_slam_toolbox) by extensions ['ignore', 'ignore_ament_install']
[0.669s] Level 1:colcon.colcon_core.package_identification:_identify(sb_slam_toolbox/sb_slam_toolbox) by extension 'ignore'
[0.669s] Level 1:colcon.colcon_core.package_identification:_identify(sb_slam_toolbox/sb_slam_toolbox) by extension 'ignore_ament_install'
[0.670s] Level 1:colcon.colcon_core.package_identification:_identify(sb_slam_toolbox/sb_slam_toolbox) by extensions ['colcon_pkg']
[0.670s] Level 1:colcon.colcon_core.package_identification:_identify(sb_slam_toolbox/sb_slam_toolbox) by extension 'colcon_pkg'
[0.670s] Level 1:colcon.colcon_core.package_identification:_identify(sb_slam_toolbox/sb_slam_toolbox) by extensions ['colcon_meta']
[0.670s] Level 1:colcon.colcon_core.package_identification:_identify(sb_slam_toolbox/sb_slam_toolbox) by extension 'colcon_meta'
[0.670s] Level 1:colcon.colcon_core.package_identification:_identify(sb_slam_toolbox/sb_slam_toolbox) by extensions ['ros']
[0.670s] Level 1:colcon.colcon_core.package_identification:_identify(sb_slam_toolbox/sb_slam_toolbox) by extension 'ros'
[0.670s] Level 1:colcon.colcon_core.package_identification:_identify(sb_slam_toolbox/sb_slam_toolbox) by extensions ['cmake', 'python']
[0.670s] Level 1:colcon.colcon_core.package_identification:_identify(sb_slam_toolbox/sb_slam_toolbox) by extension 'cmake'
[0.670s] Level 1:colcon.colcon_core.package_identification:_identify(sb_slam_toolbox/sb_slam_toolbox) by extension 'python'
[0.670s] Level 1:colcon.colcon_core.package_identification:_identify(sb_slam_toolbox/sb_slam_toolbox) by extensions ['python_setup_py']
[0.670s] Level 1:colcon.colcon_core.package_identification:_identify(sb_slam_toolbox/sb_slam_toolbox) by extension 'python_setup_py'
[0.671s] Level 1:colcon.colcon_core.package_identification:_identify(test) by extensions ['ignore', 'ignore_ament_install']
[0.671s] Level 1:colcon.colcon_core.package_identification:_identify(test) by extension 'ignore'
[0.671s] Level 1:colcon.colcon_core.package_identification:_identify(test) by extension 'ignore_ament_install'
[0.671s] Level 1:colcon.colcon_core.package_identification:_identify(test) by extensions ['colcon_pkg']
[0.671s] Level 1:colcon.colcon_core.package_identification:_identify(test) by extension 'colcon_pkg'
[0.671s] Level 1:colcon.colcon_core.package_identification:_identify(test) by extensions ['colcon_meta']
[0.671s] Level 1:colcon.colcon_core.package_identification:_identify(test) by extension 'colcon_meta'
[0.671s] Level 1:colcon.colcon_core.package_identification:_identify(test) by extensions ['ros']
[0.671s] Level 1:colcon.colcon_core.package_identification:_identify(test) by extension 'ros'
[0.672s] Level 1:colcon.colcon_core.package_identification:_identify(test) by extensions ['cmake', 'python']
[0.672s] Level 1:colcon.colcon_core.package_identification:_identify(test) by extension 'cmake'
[0.672s] Level 1:colcon.colcon_core.package_identification:_identify(test) by extension 'python'
[0.672s] Level 1:colcon.colcon_core.package_identification:_identify(test) by extensions ['python_setup_py']
[0.672s] Level 1:colcon.colcon_core.package_identification:_identify(test) by extension 'python_setup_py'
[0.672s] Level 1:colcon.colcon_core.package_discovery:discover_packages(recursive) using defaults
[0.672s] Level 1:colcon.colcon_core.package_discovery:discover_packages(ignore) discover
[0.672s] Level 1:colcon.colcon_core.package_discovery:discover_packages(ignore) using defaults
[0.672s] Level 1:colcon.colcon_core.package_discovery:discover_packages(path) discover
[0.672s] Level 1:colcon.colcon_core.package_discovery:discover_packages(path) using defaults
[0.673s] WARNING:colcon.colcon_core.package_selection:ignoring unknown package 'sb_slam_toolbox' in --packages-select
[0.755s] INFO:colcon.colcon_core.package_selection:Skipping not selected package 'bringup' in 'bringup'
[0.756s] INFO:colcon.colcon_core.package_selection:Skipping not selected package 'controller_bridge' in 'controller_bridge'
[0.756s] INFO:colcon.colcon_core.package_selection:Skipping not selected package 'imu_node' in 'imu_node'
[0.756s] INFO:colcon.colcon_core.package_selection:Skipping not selected package 'keyboard_control' in 'keyboard_control'
[0.756s] INFO:colcon.colcon_core.package_selection:Skipping not selected package 'localization' in 'localization'
[0.756s] INFO:colcon.colcon_core.package_selection:Skipping not selected package 'lslidar_msgs' in 'lslidar_msgs'
[0.756s] INFO:colcon.colcon_core.package_selection:Skipping not selected package 'motor_controller' in 'motor_controller'
[0.756s] INFO:colcon.colcon_core.package_selection:Skipping not selected package 'sb_bot_description' in 'sb_bot_description'
[0.756s] INFO:colcon.colcon_core.package_selection:Skipping not selected package 'lslidar_driver' in 'lslidar_driver'
[0.757s] Level 1:colcon.colcon_core.package_discovery:discover_packages(prefix_path) check parameters
[0.757s] Level 1:colcon.colcon_core.package_discovery:discover_packages(prefix_path) discover
[0.759s] WARNING:colcon.colcon_ros.prefix_path.ament:The path '/home/sb-bot/ros2_ws/robot-driver-main/sb_bot_ws/install/sb_bot_description' in the environment variable AMENT_PREFIX_PATH doesn't exist
[0.759s] WARNING:colcon.colcon_ros.prefix_path.ament:The path '/home/sb-bot/ros2_ws/robot-driver-main/sb_bot_ws/install/motor_controller' in the environment variable AMENT_PREFIX_PATH doesn't exist
[0.759s] WARNING:colcon.colcon_ros.prefix_path.ament:The path '/home/sb-bot/ros2_ws/robot-driver-main/sb_bot_ws/install/lslidar_driver' in the environment variable AMENT_PREFIX_PATH doesn't exist
[0.760s] WARNING:colcon.colcon_ros.prefix_path.ament:The path '/home/sb-bot/ros2_ws/robot-driver-main/sb_bot_ws/install/lslidar_msgs' in the environment variable AMENT_PREFIX_PATH doesn't exist
[0.760s] WARNING:colcon.colcon_ros.prefix_path.ament:The path '/home/sb-bot/ros2_ws/robot-driver-main/sb_bot_ws/install/localization' in the environment variable AMENT_PREFIX_PATH doesn't exist
[0.760s] WARNING:colcon.colcon_ros.prefix_path.ament:The path '/home/sb-bot/ros2_ws/robot-driver-main/sb_bot_ws/install/keyboard_control' in the environment variable AMENT_PREFIX_PATH doesn't exist
[0.760s] WARNING:colcon.colcon_ros.prefix_path.ament:The path '/home/sb-bot/ros2_ws/robot-driver-main/sb_bot_ws/install/imu_node' in the environment variable AMENT_PREFIX_PATH doesn't exist
[0.760s] WARNING:colcon.colcon_ros.prefix_path.ament:The path '/home/sb-bot/ros2_ws/robot-driver-main/sb_bot_ws/install/controller_bridge' in the environment variable AMENT_PREFIX_PATH doesn't exist
[0.760s] WARNING:colcon.colcon_ros.prefix_path.ament:The path '/home/sb-bot/ros2_ws/robot-driver-main/sb_bot_ws/install/bringup' in the environment variable AMENT_PREFIX_PATH doesn't exist
[0.760s] WARNING:colcon.colcon_ros.prefix_path.catkin:The path '/home/sb-bot/ros2_ws/robot-driver-main/sb_bot_ws/install/lslidar_driver' in the environment variable CMAKE_PREFIX_PATH doesn't exist
[0.760s] WARNING:colcon.colcon_ros.prefix_path.catkin:The path '/home/sb-bot/ros2_ws/robot-driver-main/sb_bot_ws/install/lslidar_msgs' in the environment variable CMAKE_PREFIX_PATH doesn't exist
[0.762s] DEBUG:colcon.colcon_installed_package_information.package_discovery:Found 1 installed packages in /home/sb-bot/ros2_ws/robot-driver-main/sb_bot_ws/install
[0.764s] DEBUG:colcon.colcon_installed_package_information.package_discovery:Found 296 installed packages in /opt/ros/humble
[0.767s] Level 1:colcon.colcon_core.package_discovery:discover_packages(prefix_path) using defaults
[0.853s] INFO:colcon.colcon_core.executor:Executing jobs using 'parallel' executor
[0.855s] DEBUG:colcon.colcon_parallel_executor.executor.parallel:run_until_complete
[0.856s] DEBUG:colcon.colcon_parallel_executor.executor.parallel:closing loop
[0.856s] DEBUG:colcon.colcon_parallel_executor.executor.parallel:loop closed
[0.857s] DEBUG:colcon.colcon_parallel_executor.executor.parallel:run_until_complete finished with '0'
[0.857s] DEBUG:colcon.colcon_core.event_reactor:joining thread
[0.869s] INFO:colcon.colcon_core.plugin_system:Skipping extension 'colcon_notification.desktop_notification.terminal_notifier': Not used on non-Darwin systems
[0.869s] INFO:colcon.colcon_core.plugin_system:Skipping extension 'colcon_notification.desktop_notification.win32': Not used on non-Windows systems
[0.869s] INFO:colcon.colcon_notification.desktop_notification:Sending desktop notification using 'notify2'
[0.918s] DEBUG:colcon.colcon_core.event_reactor:joined thread
[0.923s] INFO:colcon.colcon_core.plugin_system:Skipping extension 'colcon_core.shell.bat': Not used on non-Windows systems
[0.924s] INFO:colcon.colcon_core.shell:Creating prefix script '/home/sb-bot/ros2_ws/robot-driver-main/sb_bot_ws/src/sb-bot/install/local_setup.ps1'
[0.927s] INFO:colcon.colcon_core.shell:Creating prefix util module '/home/sb-bot/ros2_ws/robot-driver-main/sb_bot_ws/src/sb-bot/install/_local_setup_util_ps1.py'
[0.931s] INFO:colcon.colcon_core.shell:Creating prefix chain script '/home/sb-bot/ros2_ws/robot-driver-main/sb_bot_ws/src/sb-bot/install/setup.ps1'
[0.934s] INFO:colcon.colcon_core.shell:Creating prefix script '/home/sb-bot/ros2_ws/robot-driver-main/sb_bot_ws/src/sb-bot/install/local_setup.sh'
[0.935s] INFO:colcon.colcon_core.shell:Creating prefix util module '/home/sb-bot/ros2_ws/robot-driver-main/sb_bot_ws/src/sb-bot/install/_local_setup_util_sh.py'
[0.937s] INFO:colcon.colcon_core.shell:Creating prefix chain script '/home/sb-bot/ros2_ws/robot-driver-main/sb_bot_ws/src/sb-bot/install/setup.sh'
[0.939s] INFO:colcon.colcon_core.shell:Creating prefix script '/home/sb-bot/ros2_ws/robot-driver-main/sb_bot_ws/src/sb-bot/install/local_setup.bash'
[0.940s] INFO:colcon.colcon_core.shell:Creating prefix chain script '/home/sb-bot/ros2_ws/robot-driver-main/sb_bot_ws/src/sb-bot/install/setup.bash'
[0.943s] INFO:colcon.colcon_core.shell:Creating prefix script '/home/sb-bot/ros2_ws/robot-driver-main/sb_bot_ws/src/sb-bot/install/local_setup.zsh'
[0.944s] INFO:colcon.colcon_core.shell:Creating prefix chain script '/home/sb-bot/ros2_ws/robot-driver-main/sb_bot_ws/src/sb-bot/install/setup.zsh'
