running egg_info
creating ../build/sb_bot_description/sb_bot_description.egg-info
writing ../build/sb_bot_description/sb_bot_description.egg-info/PKG-INFO
writing dependency_links to ../build/sb_bot_description/sb_bot_description.egg-info/dependency_links.txt
writing entry points to ../build/sb_bot_description/sb_bot_description.egg-info/entry_points.txt
writing requirements to ../build/sb_bot_description/sb_bot_description.egg-info/requires.txt
writing top-level names to ../build/sb_bot_description/sb_bot_description.egg-info/top_level.txt
writing manifest file '../build/sb_bot_description/sb_bot_description.egg-info/SOURCES.txt'
reading manifest file '../build/sb_bot_description/sb_bot_description.egg-info/SOURCES.txt'
writing manifest file '../build/sb_bot_description/sb_bot_description.egg-info/SOURCES.txt'
running build
running build_py
creating /home/sb-bot/ros2_ws/robot-driver-main/sb_bot_ws/src/sb-bot/build/sb_bot_description/build
creating /home/sb-bot/ros2_ws/robot-driver-main/sb_bot_ws/src/sb-bot/build/sb_bot_description/build/lib
creating /home/sb-bot/ros2_ws/robot-driver-main/sb_bot_ws/src/sb-bot/build/sb_bot_description/build/lib/sb_bot_description
copying sb_bot_description/__init__.py -> /home/sb-bot/ros2_ws/robot-driver-main/sb_bot_ws/src/sb-bot/build/sb_bot_description/build/lib/sb_bot_description
running install
running install_lib
creating /home/sb-bot/ros2_ws/robot-driver-main/sb_bot_ws/src/sb-bot/install/sb_bot_description/lib/python3.10/site-packages/sb_bot_description
copying /home/sb-bot/ros2_ws/robot-driver-main/sb_bot_ws/src/sb-bot/build/sb_bot_description/build/lib/sb_bot_description/__init__.py -> /home/sb-bot/ros2_ws/robot-driver-main/sb_bot_ws/src/sb-bot/install/sb_bot_description/lib/python3.10/site-packages/sb_bot_description
byte-compiling /home/sb-bot/ros2_ws/robot-driver-main/sb_bot_ws/src/sb-bot/install/sb_bot_description/lib/python3.10/site-packages/sb_bot_description/__init__.py to __init__.cpython-310.pyc
running install_data
creating /home/sb-bot/ros2_ws/robot-driver-main/sb_bot_ws/src/sb-bot/install/sb_bot_description/share/ament_index
creating /home/sb-bot/ros2_ws/robot-driver-main/sb_bot_ws/src/sb-bot/install/sb_bot_description/share/ament_index/resource_index
creating /home/sb-bot/ros2_ws/robot-driver-main/sb_bot_ws/src/sb-bot/install/sb_bot_description/share/ament_index/resource_index/packages
copying resource/sb_bot_description -> /home/sb-bot/ros2_ws/robot-driver-main/sb_bot_ws/src/sb-bot/install/sb_bot_description/share/ament_index/resource_index/packages
copying package.xml -> /home/sb-bot/ros2_ws/robot-driver-main/sb_bot_ws/src/sb-bot/install/sb_bot_description/share/sb_bot_description
creating /home/sb-bot/ros2_ws/robot-driver-main/sb_bot_ws/src/sb-bot/install/sb_bot_description/share/sb_bot_description/launch
copying launch/display.launch.py -> /home/sb-bot/ros2_ws/robot-driver-main/sb_bot_ws/src/sb-bot/install/sb_bot_description/share/sb_bot_description/launch
creating /home/sb-bot/ros2_ws/robot-driver-main/sb_bot_ws/src/sb-bot/install/sb_bot_description/share/sb_bot_description/urdf
copying urdf/sb_robot.urdf.xacro -> /home/sb-bot/ros2_ws/robot-driver-main/sb_bot_ws/src/sb-bot/install/sb_bot_description/share/sb_bot_description/urdf
running install_egg_info
Copying ../build/sb_bot_description/sb_bot_description.egg-info to /home/sb-bot/ros2_ws/robot-driver-main/sb_bot_ws/src/sb-bot/install/sb_bot_description/lib/python3.10/site-packages/sb_bot_description-0.0.0-py3.10.egg-info
running install_scripts
writing list of installed files to '/home/sb-bot/ros2_ws/robot-driver-main/sb_bot_ws/src/sb-bot/build/sb_bot_description/install.log'
