running egg_info
creating ../build/bringup/bringup.egg-info
writing ../build/bringup/bringup.egg-info/PKG-INFO
writing dependency_links to ../build/bringup/bringup.egg-info/dependency_links.txt
writing entry points to ../build/bringup/bringup.egg-info/entry_points.txt
writing requirements to ../build/bringup/bringup.egg-info/requires.txt
writing top-level names to ../build/bringup/bringup.egg-info/top_level.txt
writing manifest file '../build/bringup/bringup.egg-info/SOURCES.txt'
reading manifest file '../build/bringup/bringup.egg-info/SOURCES.txt'
writing manifest file '../build/bringup/bringup.egg-info/SOURCES.txt'
running build
running build_py
creating /home/sb-bot/ros2_ws/robot-driver-main/sb_bot_ws/src/sb-bot/build/bringup/build
creating /home/sb-bot/ros2_ws/robot-driver-main/sb_bot_ws/src/sb-bot/build/bringup/build/lib
creating /home/sb-bot/ros2_ws/robot-driver-main/sb_bot_ws/src/sb-bot/build/bringup/build/lib/bringup
copying bringup/__init__.py -> /home/sb-bot/ros2_ws/robot-driver-main/sb_bot_ws/src/sb-bot/build/bringup/build/lib/bringup
copying bringup/robot_bringup.launch.py -> /home/sb-bot/ros2_ws/robot-driver-main/sb_bot_ws/src/sb-bot/build/bringup/build/lib/bringup
running install
running install_lib
creating /home/sb-bot/ros2_ws/robot-driver-main/sb_bot_ws/src/sb-bot/install/bringup/lib/python3.10/site-packages/bringup
copying /home/sb-bot/ros2_ws/robot-driver-main/sb_bot_ws/src/sb-bot/build/bringup/build/lib/bringup/__init__.py -> /home/sb-bot/ros2_ws/robot-driver-main/sb_bot_ws/src/sb-bot/install/bringup/lib/python3.10/site-packages/bringup
copying /home/sb-bot/ros2_ws/robot-driver-main/sb_bot_ws/src/sb-bot/build/bringup/build/lib/bringup/robot_bringup.launch.py -> /home/sb-bot/ros2_ws/robot-driver-main/sb_bot_ws/src/sb-bot/install/bringup/lib/python3.10/site-packages/bringup
byte-compiling /home/sb-bot/ros2_ws/robot-driver-main/sb_bot_ws/src/sb-bot/install/bringup/lib/python3.10/site-packages/bringup/__init__.py to __init__.cpython-310.pyc
byte-compiling /home/sb-bot/ros2_ws/robot-driver-main/sb_bot_ws/src/sb-bot/install/bringup/lib/python3.10/site-packages/bringup/robot_bringup.launch.py to robot_bringup.launch.cpython-310.pyc
running install_data
creating /home/sb-bot/ros2_ws/robot-driver-main/sb_bot_ws/src/sb-bot/install/bringup/share/ament_index
creating /home/sb-bot/ros2_ws/robot-driver-main/sb_bot_ws/src/sb-bot/install/bringup/share/ament_index/resource_index
creating /home/sb-bot/ros2_ws/robot-driver-main/sb_bot_ws/src/sb-bot/install/bringup/share/ament_index/resource_index/packages
copying resource/bringup -> /home/sb-bot/ros2_ws/robot-driver-main/sb_bot_ws/src/sb-bot/install/bringup/share/ament_index/resource_index/packages
copying package.xml -> /home/sb-bot/ros2_ws/robot-driver-main/sb_bot_ws/src/sb-bot/install/bringup/share/bringup
creating /home/sb-bot/ros2_ws/robot-driver-main/sb_bot_ws/src/sb-bot/install/bringup/share/bringup/launch
error: can't copy 'launch/bringup.launch.py': doesn't exist or not a regular file
