[1.460s] Invoking command in '/home/sb-bot/ros2_ws/robot-driver-main/sb_bot_ws/src/sb-bot/bringup': PYTHONPATH=/home/sb-bot/ros2_ws/robot-driver-main/sb_bot_ws/src/sb-bot/build/bringup/prefix_override:/usr/lib/python3/dist-packages/colcon_core/task/python/colcon_distutils_commands:/home/sb-bot/ros2_ws/robot-driver-main/sb_bot_ws/src/sb-bot/install/bringup/lib/python3.10/site-packages:${PYTHONPATH} /usr/bin/python3 -W ignore:setup.py install is deprecated -W ignore:easy_install command is deprecated setup.py egg_info --egg-base ../build/bringup build --build-base /home/sb-bot/ros2_ws/robot-driver-main/sb_bot_ws/src/sb-bot/build/bringup/build install --record /home/sb-bot/ros2_ws/robot-driver-main/sb_bot_ws/src/sb-bot/build/bringup/install.log --single-version-externally-managed install_data
[2.044s] running egg_info
[2.046s] creating ../build/bringup/bringup.egg-info
[2.046s] writing ../build/bringup/bringup.egg-info/PKG-INFO
[2.047s] writing dependency_links to ../build/bringup/bringup.egg-info/dependency_links.txt
[2.047s] writing entry points to ../build/bringup/bringup.egg-info/entry_points.txt
[2.047s] writing requirements to ../build/bringup/bringup.egg-info/requires.txt
[2.048s] writing top-level names to ../build/bringup/bringup.egg-info/top_level.txt
[2.048s] writing manifest file '../build/bringup/bringup.egg-info/SOURCES.txt'
[2.051s] reading manifest file '../build/bringup/bringup.egg-info/SOURCES.txt'
[2.053s] writing manifest file '../build/bringup/bringup.egg-info/SOURCES.txt'
[2.053s] running build
[2.053s] running build_py
[2.053s] creating /home/sb-bot/ros2_ws/robot-driver-main/sb_bot_ws/src/sb-bot/build/bringup/build
[2.054s] creating /home/sb-bot/ros2_ws/robot-driver-main/sb_bot_ws/src/sb-bot/build/bringup/build/lib
[2.054s] creating /home/sb-bot/ros2_ws/robot-driver-main/sb_bot_ws/src/sb-bot/build/bringup/build/lib/bringup
[2.054s] copying bringup/__init__.py -> /home/sb-bot/ros2_ws/robot-driver-main/sb_bot_ws/src/sb-bot/build/bringup/build/lib/bringup
[2.054s] copying bringup/robot_bringup.launch.py -> /home/sb-bot/ros2_ws/robot-driver-main/sb_bot_ws/src/sb-bot/build/bringup/build/lib/bringup
[2.054s] running install
[2.055s] running install_lib
[2.057s] creating /home/sb-bot/ros2_ws/robot-driver-main/sb_bot_ws/src/sb-bot/install/bringup/lib/python3.10/site-packages/bringup
[2.057s] copying /home/sb-bot/ros2_ws/robot-driver-main/sb_bot_ws/src/sb-bot/build/bringup/build/lib/bringup/__init__.py -> /home/sb-bot/ros2_ws/robot-driver-main/sb_bot_ws/src/sb-bot/install/bringup/lib/python3.10/site-packages/bringup
[2.057s] copying /home/sb-bot/ros2_ws/robot-driver-main/sb_bot_ws/src/sb-bot/build/bringup/build/lib/bringup/robot_bringup.launch.py -> /home/sb-bot/ros2_ws/robot-driver-main/sb_bot_ws/src/sb-bot/install/bringup/lib/python3.10/site-packages/bringup
[2.059s] byte-compiling /home/sb-bot/ros2_ws/robot-driver-main/sb_bot_ws/src/sb-bot/install/bringup/lib/python3.10/site-packages/bringup/__init__.py to __init__.cpython-310.pyc
[2.059s] byte-compiling /home/sb-bot/ros2_ws/robot-driver-main/sb_bot_ws/src/sb-bot/install/bringup/lib/python3.10/site-packages/bringup/robot_bringup.launch.py to robot_bringup.launch.cpython-310.pyc
[2.060s] running install_data
[2.060s] creating /home/sb-bot/ros2_ws/robot-driver-main/sb_bot_ws/src/sb-bot/install/bringup/share/ament_index
[2.060s] creating /home/sb-bot/ros2_ws/robot-driver-main/sb_bot_ws/src/sb-bot/install/bringup/share/ament_index/resource_index
[2.061s] creating /home/sb-bot/ros2_ws/robot-driver-main/sb_bot_ws/src/sb-bot/install/bringup/share/ament_index/resource_index/packages
[2.061s] copying resource/bringup -> /home/sb-bot/ros2_ws/robot-driver-main/sb_bot_ws/src/sb-bot/install/bringup/share/ament_index/resource_index/packages
[2.061s] copying package.xml -> /home/sb-bot/ros2_ws/robot-driver-main/sb_bot_ws/src/sb-bot/install/bringup/share/bringup
[2.061s] creating /home/sb-bot/ros2_ws/robot-driver-main/sb_bot_ws/src/sb-bot/install/bringup/share/bringup/launch
[2.061s] error: can't copy 'launch/bringup.launch.py': doesn't exist or not a regular file
[2.131s] Invoked command in '/home/sb-bot/ros2_ws/robot-driver-main/sb_bot_ws/src/sb-bot/bringup' returned '1': PYTHONPATH=/home/sb-bot/ros2_ws/robot-driver-main/sb_bot_ws/src/sb-bot/build/bringup/prefix_override:/usr/lib/python3/dist-packages/colcon_core/task/python/colcon_distutils_commands:/home/sb-bot/ros2_ws/robot-driver-main/sb_bot_ws/src/sb-bot/install/bringup/lib/python3.10/site-packages:${PYTHONPATH} /usr/bin/python3 -W ignore:setup.py install is deprecated -W ignore:easy_install command is deprecated setup.py egg_info --egg-base ../build/bringup build --build-base /home/sb-bot/ros2_ws/robot-driver-main/sb_bot_ws/src/sb-bot/build/bringup/build install --record /home/sb-bot/ros2_ws/robot-driver-main/sb_bot_ws/src/sb-bot/build/bringup/install.log --single-version-externally-managed install_data
