[5.735s] Invoking command in '/home/sb-bot/ros2_ws/robot-driver-main/sb_bot_ws/src/sb-bot/imu_node': PYTHONPATH=/home/sb-bot/ros2_ws/robot-driver-main/sb_bot_ws/src/sb-bot/build/imu_node/prefix_override:/usr/lib/python3/dist-packages/colcon_core/task/python/colcon_distutils_commands:/home/sb-bot/ros2_ws/robot-driver-main/sb_bot_ws/src/sb-bot/install/imu_node/lib/python3.10/site-packages:${PYTHONPATH} /usr/bin/python3 -W ignore:setup.py install is deprecated -W ignore:easy_install command is deprecated setup.py egg_info --egg-base ../build/imu_node build --build-base /home/sb-bot/ros2_ws/robot-driver-main/sb_bot_ws/src/sb-bot/build/imu_node/build install --record /home/sb-bot/ros2_ws/robot-driver-main/sb_bot_ws/src/sb-bot/build/imu_node/install.log --single-version-externally-managed install_data
[6.537s] running egg_info
[6.542s] creating ../build/imu_node/imu_node.egg-info
[6.544s] writing ../build/imu_node/imu_node.egg-info/PKG-INFO
[6.544s] writing dependency_links to ../build/imu_node/imu_node.egg-info/dependency_links.txt
[6.545s] writing entry points to ../build/imu_node/imu_node.egg-info/entry_points.txt
[6.545s] writing requirements to ../build/imu_node/imu_node.egg-info/requires.txt
[6.545s] writing top-level names to ../build/imu_node/imu_node.egg-info/top_level.txt
[6.552s] writing manifest file '../build/imu_node/imu_node.egg-info/SOURCES.txt'
[6.553s] reading manifest file '../build/imu_node/imu_node.egg-info/SOURCES.txt'
[6.553s] writing manifest file '../build/imu_node/imu_node.egg-info/SOURCES.txt'
[6.555s] running build
[6.556s] running build_py
[6.556s] creating /home/sb-bot/ros2_ws/robot-driver-main/sb_bot_ws/src/sb-bot/build/imu_node/build
[6.556s] creating /home/sb-bot/ros2_ws/robot-driver-main/sb_bot_ws/src/sb-bot/build/imu_node/build/lib
[6.556s] creating /home/sb-bot/ros2_ws/robot-driver-main/sb_bot_ws/src/sb-bot/build/imu_node/build/lib/imu_node
[6.556s] copying imu_node/imu_node.py -> /home/sb-bot/ros2_ws/robot-driver-main/sb_bot_ws/src/sb-bot/build/imu_node/build/lib/imu_node
[6.557s] copying imu_node/__init__.py -> /home/sb-bot/ros2_ws/robot-driver-main/sb_bot_ws/src/sb-bot/build/imu_node/build/lib/imu_node
[6.557s] running install
[6.562s] running install_lib
[6.564s] creating /home/sb-bot/ros2_ws/robot-driver-main/sb_bot_ws/src/sb-bot/install/imu_node/lib/python3.10/site-packages/imu_node
[6.564s] copying /home/sb-bot/ros2_ws/robot-driver-main/sb_bot_ws/src/sb-bot/build/imu_node/build/lib/imu_node/imu_node.py -> /home/sb-bot/ros2_ws/robot-driver-main/sb_bot_ws/src/sb-bot/install/imu_node/lib/python3.10/site-packages/imu_node
[6.564s] copying /home/sb-bot/ros2_ws/robot-driver-main/sb_bot_ws/src/sb-bot/build/imu_node/build/lib/imu_node/__init__.py -> /home/sb-bot/ros2_ws/robot-driver-main/sb_bot_ws/src/sb-bot/install/imu_node/lib/python3.10/site-packages/imu_node
[6.566s] byte-compiling /home/sb-bot/ros2_ws/robot-driver-main/sb_bot_ws/src/sb-bot/install/imu_node/lib/python3.10/site-packages/imu_node/imu_node.py to imu_node.cpython-310.pyc
[6.573s] byte-compiling /home/sb-bot/ros2_ws/robot-driver-main/sb_bot_ws/src/sb-bot/install/imu_node/lib/python3.10/site-packages/imu_node/__init__.py to __init__.cpython-310.pyc
[6.574s] running install_data
[6.575s] creating /home/sb-bot/ros2_ws/robot-driver-main/sb_bot_ws/src/sb-bot/install/imu_node/share/ament_index
[6.575s] creating /home/sb-bot/ros2_ws/robot-driver-main/sb_bot_ws/src/sb-bot/install/imu_node/share/ament_index/resource_index
[6.575s] creating /home/sb-bot/ros2_ws/robot-driver-main/sb_bot_ws/src/sb-bot/install/imu_node/share/ament_index/resource_index/packages
[6.575s] copying resource/imu_node -> /home/sb-bot/ros2_ws/robot-driver-main/sb_bot_ws/src/sb-bot/install/imu_node/share/ament_index/resource_index/packages
[6.576s] copying package.xml -> /home/sb-bot/ros2_ws/robot-driver-main/sb_bot_ws/src/sb-bot/install/imu_node/share/imu_node
[6.576s] running install_egg_info
[6.586s] Copying ../build/imu_node/imu_node.egg-info to /home/sb-bot/ros2_ws/robot-driver-main/sb_bot_ws/src/sb-bot/install/imu_node/lib/python3.10/site-packages/imu_node-0.0.0-py3.10.egg-info
[6.587s] running install_scripts
[6.654s] Installing imu_node script to /home/sb-bot/ros2_ws/robot-driver-main/sb_bot_ws/src/sb-bot/install/imu_node/lib/imu_node
[6.654s] writing list of installed files to '/home/sb-bot/ros2_ws/robot-driver-main/sb_bot_ws/src/sb-bot/build/imu_node/install.log'
[6.870s] Invoked command in '/home/sb-bot/ros2_ws/robot-driver-main/sb_bot_ws/src/sb-bot/imu_node' returned '0': PYTHONPATH=/home/sb-bot/ros2_ws/robot-driver-main/sb_bot_ws/src/sb-bot/build/imu_node/prefix_override:/usr/lib/python3/dist-packages/colcon_core/task/python/colcon_distutils_commands:/home/sb-bot/ros2_ws/robot-driver-main/sb_bot_ws/src/sb-bot/install/imu_node/lib/python3.10/site-packages:${PYTHONPATH} /usr/bin/python3 -W ignore:setup.py install is deprecated -W ignore:easy_install command is deprecated setup.py egg_info --egg-base ../build/imu_node build --build-base /home/sb-bot/ros2_ws/robot-driver-main/sb_bot_ws/src/sb-bot/build/imu_node/build install --record /home/sb-bot/ros2_ws/robot-driver-main/sb_bot_ws/src/sb-bot/build/imu_node/install.log --single-version-externally-managed install_data
